[2021-01-21 01:17:17] (ERROR in modMenu::getSubMenus @ C:\xampp\htdocs\Project.Modx\core\model\modx\modmenu.class.php : 148) modAction support is deprecated since version 2.3.0. Support for modAction has been replaced with routing based on a namespace and action name. Please update the extra with the namespace packman to the routing based system.
[2021-01-21 01:17:17] (ERROR in modMenu::getSubMenus @ C:\xampp\htdocs\Project.Modx\core\model\modx\modmenu.class.php : 148) modAction support is deprecated since version 2.3.0. Support for modAction has been replaced with routing based on a namespace and action name. Please update the extra with the namespace cmpgenerator to the routing based system.
[2021-01-21 01:36:44] (ERROR in modManagerRequest::prepareResponse @ C:\xampp\htdocs\Project.Modx\core\model\modx\modmanagerrequest.class.php : 187) modAction support is deprecated since version 2.3.0. Support for modAction has been replaced with routing based on a namespace and action name. Please update the extra with the namespace cmpgenerator to the routing based system.
[2021-01-21 01:36:44] (ERROR in modManagerController::render @ C:\xampp\htdocs\Project.Modx\core\model\modx\modmanagercontroller.class.php : 155) modManagerControllerDeprecated support is deprecated since version 2.2.0. 
[2021-01-21 01:36:44] (ERROR in modManagerRequest::prepareResponse @ C:\xampp\htdocs\Project.Modx\core\model\modx\modmanagerrequest.class.php : 187) modAction support is deprecated since version 2.3.0. Support for modAction has been replaced with routing based on a namespace and action name. Please update the extra with the namespace cmpgenerator to the routing based system.
[2021-01-21 01:36:44] (ERROR in modManagerController::render @ C:\xampp\htdocs\Project.Modx\core\model\modx\modmanagercontroller.class.php : 155) modManagerControllerDeprecated support is deprecated since version 2.2.0. 
[2021-01-21 01:36:45] (ERROR in modProcessor::run @ C:\xampp\htdocs\Project.Modx\core\model\modx\modprocessor.class.php : 177) Flat file processor support, used for action mgr/cmpgenerator/getList with path C:/xampp/htdocs/Project.Modx/core/components/cmpgenerator/processors/mgr/cmpgenerator/getlist.php, is deprecated since version 2.7.0. 
[2021-01-21 01:36:49] (ERROR in modMenu::getSubMenus @ C:\xampp\htdocs\Project.Modx\core\model\modx\modmenu.class.php : 148) modAction support is deprecated since version 2.3.0. Support for modAction has been replaced with routing based on a namespace and action name. Please update the extra with the namespace packman to the routing based system.
[2021-01-21 01:36:49] (ERROR in modMenu::getSubMenus @ C:\xampp\htdocs\Project.Modx\core\model\modx\modmenu.class.php : 148) modAction support is deprecated since version 2.3.0. Support for modAction has been replaced with routing based on a namespace and action name. Please update the extra with the namespace cmpgenerator to the routing based system.
[2021-01-21 09:04:36] (ERROR @ C:\xampp\htdocs\Project.Modx\core\components\modjwt\model\modjwt\modfirebasejwt.class.php : 461) [JWT] Token expired!
[2021-01-21 09:04:39] (ERROR @ C:\xampp\htdocs\Project.Modx\core\components\modjwt\model\modjwt\modfirebasejwt.class.php : 461) [JWT] Token expired!
[2021-01-21 09:48:20] (ERROR in modMenu::getSubMenus @ C:\xampp\htdocs\Project.Modx\core\model\modx\modmenu.class.php : 148) modAction support is deprecated since version 2.3.0. Support for modAction has been replaced with routing based on a namespace and action name. Please update the extra with the namespace packman to the routing based system.
[2021-01-21 09:48:20] (ERROR in modMenu::getSubMenus @ C:\xampp\htdocs\Project.Modx\core\model\modx\modmenu.class.php : 148) modAction support is deprecated since version 2.3.0. Support for modAction has been replaced with routing based on a namespace and action name. Please update the extra with the namespace cmpgenerator to the routing based system.
[2021-01-21 09:48:20] (ERROR @ C:\xampp\htdocs\Project.Modx\core\model\modx\modcachemanager.class.php : 349) Error caching lexicon topic lexicon/en/core/resource
[2021-01-21 09:51:14] (ERROR in modMenu::getSubMenus @ C:\xampp\htdocs\Project.Modx\core\model\modx\modmenu.class.php : 148) modAction support is deprecated since version 2.3.0. Support for modAction has been replaced with routing based on a namespace and action name. Please update the extra with the namespace packman to the routing based system.
[2021-01-21 09:51:14] (ERROR in modMenu::getSubMenus @ C:\xampp\htdocs\Project.Modx\core\model\modx\modmenu.class.php : 148) modAction support is deprecated since version 2.3.0. Support for modAction has been replaced with routing based on a namespace and action name. Please update the extra with the namespace cmpgenerator to the routing based system.
[2021-01-21 09:51:16] (ERROR in modProcessor::run @ C:\xampp\htdocs\Project.Modx\core\model\modx\modprocessor.class.php : 177) Flat file processor support, used for action mgr/migxdb/getList with path C:/xampp/htdocs/Project.Modx/core/components/migx/processors/mgr/migxdb/getlist.php, is deprecated since version 2.7.0. 
[2021-01-21 09:51:20] (ERROR in modProcessor::run @ C:\xampp\htdocs\Project.Modx\core\model\modx\modprocessor.class.php : 177) Flat file processor support, used for action mgr/migxdb/getList with path C:/xampp/htdocs/Project.Modx/core/components/migx/processors/mgr/migxdb/getlist.php, is deprecated since version 2.7.0. 
[2021-01-21 09:51:28] (ERROR in modProcessor::run @ C:\xampp\htdocs\Project.Modx\core\model\modx\modprocessor.class.php : 177) Flat file processor support, used for action mgr/migxdb/getList with path C:/xampp/htdocs/Project.Modx/core/components/migx/processors/mgr/migxdb/getlist.php, is deprecated since version 2.7.0. 
[2021-01-21 09:51:32] (ERROR in modProcessor::run @ C:\xampp\htdocs\Project.Modx\core\model\modx\modprocessor.class.php : 177) Flat file processor support, used for action mgr/migxdb/getList with path C:/xampp/htdocs/Project.Modx/core/components/migx/processors/mgr/migxdb/getlist.php, is deprecated since version 2.7.0. 
[2021-01-21 09:51:35] (ERROR in modProcessor::run @ C:\xampp\htdocs\Project.Modx\core\model\modx\modprocessor.class.php : 177) Flat file processor support, used for action mgr/migxdb/getList with path C:/xampp/htdocs/Project.Modx/core/components/migx/processors/mgr/migxdb/getlist.php, is deprecated since version 2.7.0. 
[2021-01-21 09:51:38] (ERROR in modProcessor::run @ C:\xampp\htdocs\Project.Modx\core\model\modx\modprocessor.class.php : 177) Flat file processor support, used for action mgr/migxdb/update with path C:/xampp/htdocs/Project.Modx/core/components/migx/processors/mgr/migxdb/update.php, is deprecated since version 2.7.0. 
[2021-01-21 09:51:39] (ERROR in modProcessor::run @ C:\xampp\htdocs\Project.Modx\core\model\modx\modprocessor.class.php : 177) Flat file processor support, used for action mgr/migxdb/getList with path C:/xampp/htdocs/Project.Modx/core/components/migx/processors/mgr/migxdb/getlist.php, is deprecated since version 2.7.0. 
[2021-01-21 09:51:41] (ERROR @ C:\xampp\htdocs\Project.Modx\core\model\modx\modcachemanager.class.php : 322) Could not cache resource 1
[2021-01-21 09:51:41] (ERROR @ C:\xampp\htdocs\Project.Modx\core\model\modx\modcachemanager.class.php : 322) Could not cache resource 1
[2021-01-21 09:55:17] (ERROR @ C:\xampp\htdocs\Project.Modx\core\model\modx\modcachemanager.class.php : 349) Error caching lexicon topic lexicon/en/core/default
[2021-01-21 09:59:38] (ERROR @ C:\xampp\htdocs\Project.Modx\core\model\modx\modcachemanager.class.php : 322) Could not cache resource 1
[2021-01-21 09:59:38] (ERROR @ C:\xampp\htdocs\Project.Modx\core\model\modx\modcachemanager.class.php : 322) Could not cache resource 1
[2021-01-21 10:02:08] (ERROR in modMenu::getSubMenus @ C:\xampp\htdocs\Project.Modx\core\model\modx\modmenu.class.php : 148) modAction support is deprecated since version 2.3.0. Support for modAction has been replaced with routing based on a namespace and action name. Please update the extra with the namespace packman to the routing based system.
[2021-01-21 10:02:08] (ERROR in modMenu::getSubMenus @ C:\xampp\htdocs\Project.Modx\core\model\modx\modmenu.class.php : 148) modAction support is deprecated since version 2.3.0. Support for modAction has been replaced with routing based on a namespace and action name. Please update the extra with the namespace cmpgenerator to the routing based system.
[2021-01-21 10:03:20] (ERROR @ C:\xampp\htdocs\Project.Modx\core\model\modx\modcachemanager.class.php : 349) Error caching lexicon topic lexicon/en/core/source
[2021-01-21 10:03:20] (ERROR @ C:\xampp\htdocs\Project.Modx\core\model\modx\modcachemanager.class.php : 349) Error caching lexicon topic lexicon/en/core/source
[2021-01-21 10:03:20] (ERROR @ C:\xampp\htdocs\Project.Modx\core\model\modx\modcachemanager.class.php : 322) Could not cache resource 1
[2021-01-21 10:03:20] (ERROR @ C:\xampp\htdocs\Project.Modx\core\model\modx\modcachemanager.class.php : 322) Could not cache resource 1
[2021-01-21 10:03:20] (ERROR @ C:\xampp\htdocs\Project.Modx\core\model\modx\modcachemanager.class.php : 322) Could not cache resource 1
[2021-01-21 10:05:24] (ERROR in modMenu::getSubMenus @ C:\xampp\htdocs\Project.Modx\core\model\modx\modmenu.class.php : 148) modAction support is deprecated since version 2.3.0. Support for modAction has been replaced with routing based on a namespace and action name. Please update the extra with the namespace packman to the routing based system.
[2021-01-21 10:05:24] (ERROR in modMenu::getSubMenus @ C:\xampp\htdocs\Project.Modx\core\model\modx\modmenu.class.php : 148) modAction support is deprecated since version 2.3.0. Support for modAction has been replaced with routing based on a namespace and action name. Please update the extra with the namespace cmpgenerator to the routing based system.
[2021-01-21 10:05:25] (ERROR in modProcessor::run @ C:\xampp\htdocs\Project.Modx\core\model\modx\modprocessor.class.php : 177) Flat file processor support, used for action mgr/migxdb/getList with path C:/xampp/htdocs/Project.Modx/core/components/migx/processors/mgr/migxdb/getlist.php, is deprecated since version 2.7.0. 
[2021-01-21 10:05:49] (ERROR in modProcessor::run @ C:\xampp\htdocs\Project.Modx\core\model\modx\modprocessor.class.php : 177) Flat file processor support, used for action mgr/migxdb/getList with path C:/xampp/htdocs/Project.Modx/core/components/migx/processors/mgr/migxdb/getlist.php, is deprecated since version 2.7.0. 
[2021-01-21 10:06:04] (ERROR in modProcessor::run @ C:\xampp\htdocs\Project.Modx\core\model\modx\modprocessor.class.php : 177) Flat file processor support, used for action mgr/migxdb/getList with path C:/xampp/htdocs/Project.Modx/core/components/migx/processors/mgr/migxdb/getlist.php, is deprecated since version 2.7.0. 
[2021-01-21 10:06:11] (ERROR in modProcessor::run @ C:\xampp\htdocs\Project.Modx\core\model\modx\modprocessor.class.php : 177) Flat file processor support, used for action mgr/migxdb/process with path C:/xampp/htdocs/Project.Modx/core/components/migx/processors/mgr/migxdb/process.php, is deprecated since version 2.7.0. 
[2021-01-21 10:06:38] (ERROR in modProcessor::run @ C:\xampp\htdocs\Project.Modx\core\model\modx\modprocessor.class.php : 177) Flat file processor support, used for action mgr/migxdb/update with path C:/xampp/htdocs/Project.Modx/core/components/migx/processors/mgr/migxdb/update.php, is deprecated since version 2.7.0. 
[2021-01-21 10:06:38] (ERROR @ C:\xampp\htdocs\Project.Modx\core\components\migx\processors\mgr\migxconfigs\update.php : 406) modCacheManager::clearCache is deprecated since version 2.1.0. Use modCacheManager::refresh() instead.
[2021-01-21 10:06:39] (ERROR in modProcessor::run @ C:\xampp\htdocs\Project.Modx\core\model\modx\modprocessor.class.php : 177) Flat file processor support, used for action mgr/migxdb/getList with path C:/xampp/htdocs/Project.Modx/core/components/migx/processors/mgr/migxdb/getlist.php, is deprecated since version 2.7.0. 
[2021-01-21 10:06:43] (ERROR in modProcessor::run @ C:\xampp\htdocs\Project.Modx\core\model\modx\modprocessor.class.php : 177) Flat file processor support, used for action mgr/migxdb/getList with path C:/xampp/htdocs/Project.Modx/core/components/migx/processors/mgr/migxdb/getlist.php, is deprecated since version 2.7.0. 
[2021-01-21 10:06:47] (ERROR in modProcessor::run @ C:\xampp\htdocs\Project.Modx\core\model\modx\modprocessor.class.php : 177) Flat file processor support, used for action mgr/migxdb/getList with path C:/xampp/htdocs/Project.Modx/core/components/migx/processors/mgr/migxdb/getlist.php, is deprecated since version 2.7.0. 
[2021-01-21 10:06:51] (ERROR in modProcessor::run @ C:\xampp\htdocs\Project.Modx\core\model\modx\modprocessor.class.php : 177) Flat file processor support, used for action mgr/migxdb/getList with path C:/xampp/htdocs/Project.Modx/core/components/migx/processors/mgr/migxdb/getlist.php, is deprecated since version 2.7.0. 
[2021-01-21 10:06:53] (ERROR in modProcessor::run @ C:\xampp\htdocs\Project.Modx\core\model\modx\modprocessor.class.php : 177) Flat file processor support, used for action mgr/migxdb/process with path C:/xampp/htdocs/Project.Modx/core/components/migx/processors/mgr/migxdb/process.php, is deprecated since version 2.7.0. 
[2021-01-21 10:07:05] (ERROR in modProcessor::run @ C:\xampp\htdocs\Project.Modx\core\model\modx\modprocessor.class.php : 177) Flat file processor support, used for action mgr/migxdb/update with path C:/xampp/htdocs/Project.Modx/core/components/migx/processors/mgr/migxdb/update.php, is deprecated since version 2.7.0. 
[2021-01-21 10:07:05] (ERROR @ C:\xampp\htdocs\Project.Modx\core\components\migx\processors\mgr\migxconfigs\update.php : 406) modCacheManager::clearCache is deprecated since version 2.1.0. Use modCacheManager::refresh() instead.
[2021-01-21 10:07:05] (ERROR in modProcessor::run @ C:\xampp\htdocs\Project.Modx\core\model\modx\modprocessor.class.php : 177) Flat file processor support, used for action mgr/migxdb/getList with path C:/xampp/htdocs/Project.Modx/core/components/migx/processors/mgr/migxdb/getlist.php, is deprecated since version 2.7.0. 
[2021-01-21 10:07:09] (ERROR in modProcessor::run @ C:\xampp\htdocs\Project.Modx\core\model\modx\modprocessor.class.php : 177) Flat file processor support, used for action mgr/migxdb/getList with path C:/xampp/htdocs/Project.Modx/core/components/migx/processors/mgr/migxdb/getlist.php, is deprecated since version 2.7.0. 
[2021-01-21 10:07:13] (ERROR in modProcessor::run @ C:\xampp\htdocs\Project.Modx\core\model\modx\modprocessor.class.php : 177) Flat file processor support, used for action mgr/migxdb/getList with path C:/xampp/htdocs/Project.Modx/core/components/migx/processors/mgr/migxdb/getlist.php, is deprecated since version 2.7.0. 
[2021-01-21 10:07:21] (ERROR in modProcessor::run @ C:\xampp\htdocs\Project.Modx\core\model\modx\modprocessor.class.php : 177) Flat file processor support, used for action mgr/migxdb/update with path C:/xampp/htdocs/Project.Modx/core/components/migx/processors/mgr/migxdb/update.php, is deprecated since version 2.7.0. 
[2021-01-21 10:07:21] (ERROR @ C:\xampp\htdocs\Project.Modx\core\xpdo\xpdo.class.php : 1826) No foreign key definition for parentClass: SimUserAssignedPlan using relation alias: Resource
[2021-01-21 10:07:22] (ERROR in modProcessor::run @ C:\xampp\htdocs\Project.Modx\core\model\modx\modprocessor.class.php : 177) Flat file processor support, used for action mgr/migxdb/getList with path C:/xampp/htdocs/Project.Modx/core/components/migx/processors/mgr/migxdb/getlist.php, is deprecated since version 2.7.0. 
[2021-01-21 10:07:58] (ERROR in modMenu::getSubMenus @ C:\xampp\htdocs\Project.Modx\core\model\modx\modmenu.class.php : 148) modAction support is deprecated since version 2.3.0. Support for modAction has been replaced with routing based on a namespace and action name. Please update the extra with the namespace packman to the routing based system.
[2021-01-21 10:07:58] (ERROR in modMenu::getSubMenus @ C:\xampp\htdocs\Project.Modx\core\model\modx\modmenu.class.php : 148) modAction support is deprecated since version 2.3.0. Support for modAction has been replaced with routing based on a namespace and action name. Please update the extra with the namespace cmpgenerator to the routing based system.
[2021-01-21 10:07:59] (ERROR in modProcessor::run @ C:\xampp\htdocs\Project.Modx\core\model\modx\modprocessor.class.php : 177) Flat file processor support, used for action mgr/migxdb/getList with path C:/xampp/htdocs/Project.Modx/core/components/migx/processors/mgr/migxdb/getlist.php, is deprecated since version 2.7.0. 
[2021-01-21 10:08:05] (ERROR @ C:\xampp\htdocs\Project.Modx\core\model\modx\modcachemanager.class.php : 399) Error caching action map mgr/actions
[2021-01-22 15:34:42] (ERROR in modMenu::getSubMenus @ C:\xampp\htdocs\Project.Modx\core\model\modx\modmenu.class.php : 148) modAction support is deprecated since version 2.3.0. Support for modAction has been replaced with routing based on a namespace and action name. Please update the extra with the namespace packman to the routing based system.
[2021-01-22 15:34:42] (ERROR in modMenu::getSubMenus @ C:\xampp\htdocs\Project.Modx\core\model\modx\modmenu.class.php : 148) modAction support is deprecated since version 2.3.0. Support for modAction has been replaced with routing based on a namespace and action name. Please update the extra with the namespace cmpgenerator to the routing based system.
[2021-01-22 16:08:48] (ERROR in modProcessor::run @ C:\xampp\htdocs\Project.Modx\core\model\modx\modprocessor.class.php : 177) Flat file processor support, used for action mgr/migxdb/getList with path C:/xampp/htdocs/Project.Modx/core/components/migx/processors/mgr/migxdb/getlist.php, is deprecated since version 2.7.0. 
[2021-01-22 16:09:07] (ERROR in modProcessor::run @ C:\xampp\htdocs\Project.Modx\core\model\modx\modprocessor.class.php : 177) Flat file processor support, used for action mgr/migxdb/getList with path C:/xampp/htdocs/Project.Modx/core/components/migx/processors/mgr/migxdb/getlist.php, is deprecated since version 2.7.0. 
[2021-01-22 16:09:22] (ERROR in modProcessor::run @ C:\xampp\htdocs\Project.Modx\core\model\modx\modprocessor.class.php : 177) Flat file processor support, used for action mgr/migxdb/getList with path C:/xampp/htdocs/Project.Modx/core/components/migx/processors/mgr/migxdb/getlist.php, is deprecated since version 2.7.0. 
[2021-01-22 16:09:38] (ERROR in modProcessor::run @ C:\xampp\htdocs\Project.Modx\core\model\modx\modprocessor.class.php : 177) Flat file processor support, used for action mgr/migxdb/getList with path C:/xampp/htdocs/Project.Modx/core/components/migx/processors/mgr/migxdb/getlist.php, is deprecated since version 2.7.0. 
[2021-01-22 16:12:16] (ERROR in modProcessor::run @ C:\xampp\htdocs\Project.Modx\core\model\modx\modprocessor.class.php : 177) Flat file processor support, used for action mgr/migxdb/getList with path C:/xampp/htdocs/Project.Modx/core/components/migx/processors/mgr/migxdb/getlist.php, is deprecated since version 2.7.0. 
[2021-01-22 16:12:20] (ERROR in modProcessor::run @ C:\xampp\htdocs\Project.Modx\core\model\modx\modprocessor.class.php : 177) Flat file processor support, used for action mgr/migxdb/getList with path C:/xampp/htdocs/Project.Modx/core/components/migx/processors/mgr/migxdb/getlist.php, is deprecated since version 2.7.0. 
[2021-01-22 16:12:24] (ERROR in modProcessor::run @ C:\xampp\htdocs\Project.Modx\core\model\modx\modprocessor.class.php : 177) Flat file processor support, used for action mgr/migxdb/getList with path C:/xampp/htdocs/Project.Modx/core/components/migx/processors/mgr/migxdb/getlist.php, is deprecated since version 2.7.0. 
[2021-01-22 16:12:52] (ERROR in modProcessor::run @ C:\xampp\htdocs\Project.Modx\core\model\modx\modprocessor.class.php : 177) Flat file processor support, used for action mgr/migxdb/getList with path C:/xampp/htdocs/Project.Modx/core/components/migx/processors/mgr/migxdb/getlist.php, is deprecated since version 2.7.0. 
[2021-01-22 16:23:19] (ERROR in modMenu::getSubMenus @ C:\xampp\htdocs\Project.Modx\core\model\modx\modmenu.class.php : 148) modAction support is deprecated since version 2.3.0. Support for modAction has been replaced with routing based on a namespace and action name. Please update the extra with the namespace packman to the routing based system.
[2021-01-22 16:23:19] (ERROR in modMenu::getSubMenus @ C:\xampp\htdocs\Project.Modx\core\model\modx\modmenu.class.php : 148) modAction support is deprecated since version 2.3.0. Support for modAction has been replaced with routing based on a namespace and action name. Please update the extra with the namespace cmpgenerator to the routing based system.
[2021-01-22 16:23:47] (ERROR in modMenu::getSubMenus @ C:\xampp\htdocs\Project.Modx\core\model\modx\modmenu.class.php : 148) modAction support is deprecated since version 2.3.0. Support for modAction has been replaced with routing based on a namespace and action name. Please update the extra with the namespace packman to the routing based system.
[2021-01-22 16:23:47] (ERROR in modMenu::getSubMenus @ C:\xampp\htdocs\Project.Modx\core\model\modx\modmenu.class.php : 148) modAction support is deprecated since version 2.3.0. Support for modAction has been replaced with routing based on a namespace and action name. Please update the extra with the namespace cmpgenerator to the routing based system.
[2021-01-22 22:58:59] (ERROR in modMenu::getSubMenus @ C:\xampp\htdocs\Project.Modx\core\model\modx\modmenu.class.php : 148) modAction support is deprecated since version 2.3.0. Support for modAction has been replaced with routing based on a namespace and action name. Please update the extra with the namespace packman to the routing based system.
[2021-01-22 22:58:59] (ERROR in modMenu::getSubMenus @ C:\xampp\htdocs\Project.Modx\core\model\modx\modmenu.class.php : 148) modAction support is deprecated since version 2.3.0. Support for modAction has been replaced with routing based on a namespace and action name. Please update the extra with the namespace cmpgenerator to the routing based system.
[2021-01-24 10:52:57] (ERROR @ C:\xampp\htdocs\Project.Modx\core\components\modjwt\model\modjwt\modfirebasejwt.class.php : 461) [JWT] Token expired!
[2021-01-24 11:03:00] (ERROR @ C:\xampp\htdocs\Project.Modx\core\components\modjwt\model\modjwt\modfirebasejwt.class.php : 461) [JWT] Token expired!
[2021-01-24 11:03:21] (ERROR @ C:\xampp\htdocs\Project.Modx\core\components\modjwt\model\modjwt\modfirebasejwt.class.php : 461) [JWT] Token expired!
[2021-01-24 11:15:23] (ERROR @ C:\xampp\htdocs\Project.Modx\core\components\modjwt\model\modjwt\modfirebasejwt.class.php : 461) [JWT] Token expired!
[2021-01-24 11:16:13] (ERROR @ C:\xampp\htdocs\Project.Modx\core\components\modjwt\model\modjwt\modfirebasejwt.class.php : 461) [JWT] Token expired!
[2021-01-24 11:16:35] (ERROR @ C:\xampp\htdocs\Project.Modx\core\components\modjwt\model\modjwt\modfirebasejwt.class.php : 461) [JWT] Token expired!
[2021-01-24 11:16:47] (ERROR @ C:\xampp\htdocs\Project.Modx\core\components\modjwt\model\modjwt\modfirebasejwt.class.php : 461) [JWT] Token expired!
[2021-01-24 11:17:50] (ERROR @ C:\xampp\htdocs\Project.Modx\core\components\modjwt\model\modjwt\modfirebasejwt.class.php : 461) [JWT] Token expired!
[2021-01-24 11:20:13] (ERROR @ C:\xampp\htdocs\Project.Modx\core\components\modjwt\model\modjwt\modfirebasejwt.class.php : 461) [JWT] Token expired!
[2021-01-24 11:22:39] (ERROR @ C:\xampp\htdocs\Project.Modx\core\components\modjwt\model\modjwt\modfirebasejwt.class.php : 461) [JWT] Token expired!
[2021-01-24 11:24:21] (ERROR @ C:\xampp\htdocs\Project.Modx\core\components\modjwt\model\modjwt\modfirebasejwt.class.php : 461) [JWT] Token expired!
[2021-01-24 11:26:23] (ERROR @ C:\xampp\htdocs\Project.Modx\core\components\modjwt\model\modjwt\modfirebasejwt.class.php : 461) [JWT] Token expired!
[2021-01-24 11:26:29] (ERROR @ C:\xampp\htdocs\Project.Modx\core\components\modjwt\model\modjwt\modfirebasejwt.class.php : 461) [JWT] Token expired!
[2021-01-24 11:27:49] (ERROR @ C:\xampp\htdocs\Project.Modx\core\components\modjwt\model\modjwt\modfirebasejwt.class.php : 461) [JWT] Token expired!
[2021-01-24 11:29:21] (ERROR @ C:\xampp\htdocs\Project.Modx\core\components\modjwt\model\modjwt\modfirebasejwt.class.php : 461) [JWT] Token expired!
[2021-01-24 11:31:33] (ERROR @ C:\xampp\htdocs\Project.Modx\core\components\modjwt\model\modjwt\modfirebasejwt.class.php : 461) [JWT] Token expired!
[2021-01-24 11:32:12] (ERROR @ C:\xampp\htdocs\Project.Modx\core\components\modjwt\model\modjwt\modfirebasejwt.class.php : 461) [JWT] Token expired!
[2021-01-24 11:32:49] (ERROR @ C:\xampp\htdocs\Project.Modx\core\components\modjwt\model\modjwt\modfirebasejwt.class.php : 461) [JWT] Token expired!
[2021-01-24 11:33:22] (ERROR @ C:\xampp\htdocs\Project.Modx\core\components\modjwt\model\modjwt\modfirebasejwt.class.php : 461) [JWT] Token expired!
[2021-01-24 11:38:14] (ERROR @ C:\xampp\htdocs\Project.Modx\core\components\modjwt\model\modjwt\modfirebasejwt.class.php : 461) [JWT] Token expired!
[2021-01-24 11:38:37] (ERROR @ C:\xampp\htdocs\Project.Modx\core\components\modjwt\model\modjwt\modfirebasejwt.class.php : 461) [JWT] Token expired!
[2021-01-24 11:40:10] (ERROR @ C:\xampp\htdocs\Project.Modx\core\components\modjwt\model\modjwt\modfirebasejwt.class.php : 461) [JWT] Token expired!
[2021-01-24 11:41:27] (ERROR @ C:\xampp\htdocs\Project.Modx\core\components\modjwt\model\modjwt\modfirebasejwt.class.php : 461) [JWT] Token expired!
[2021-01-24 11:41:33] (ERROR @ C:\xampp\htdocs\Project.Modx\core\components\modjwt\model\modjwt\modfirebasejwt.class.php : 461) [JWT] Token expired!
[2021-01-24 11:41:46] (ERROR @ C:\xampp\htdocs\Project.Modx\core\components\modjwt\model\modjwt\modfirebasejwt.class.php : 461) [JWT] Token expired!
[2021-01-24 11:44:15] (ERROR @ C:\xampp\htdocs\Project.Modx\core\components\modjwt\model\modjwt\modfirebasejwt.class.php : 461) [JWT] Token expired!
[2021-01-24 11:44:24] (ERROR @ C:\xampp\htdocs\Project.Modx\core\components\modjwt\model\modjwt\modfirebasejwt.class.php : 461) [JWT] Token expired!
[2021-01-24 11:56:14] (ERROR @ C:\xampp\htdocs\Project.Modx\core\components\modjwt\model\modjwt\modfirebasejwt.class.php : 461) [JWT] Signature verification failed
[2021-01-24 11:56:41] (ERROR @ C:\xampp\htdocs\Project.Modx\core\components\modjwt\model\modjwt\modfirebasejwt.class.php : 461) [JWT] Signature verification failed
[2021-01-24 11:57:21] (ERROR @ C:\xampp\htdocs\Project.Modx\core\components\modjwt\model\modjwt\modfirebasejwt.class.php : 461) [JWT] Signature verification failed
[2021-01-24 11:59:32] (ERROR @ C:\xampp\htdocs\Project.Modx\core\components\modjwt\model\modjwt\modfirebasejwt.class.php : 461) [JWT] Signature verification failed
[2021-01-24 11:59:46] (ERROR @ C:\xampp\htdocs\Project.Modx\core\components\modjwt\model\modjwt\modfirebasejwt.class.php : 461) [JWT] Signature verification failed
[2021-01-24 12:00:27] (ERROR @ C:\xampp\htdocs\Project.Modx\core\components\modjwt\model\modjwt\modfirebasejwt.class.php : 461) [JWT] Signature verification failed
[2021-01-24 12:01:50] (ERROR @ C:\xampp\htdocs\Project.Modx\core\components\modjwt\model\modjwt\modfirebasejwt.class.php : 461) [JWT] Signature verification failed
[2021-01-24 12:03:13] (ERROR @ C:\xampp\htdocs\Project.Modx\core\components\modjwt\model\modjwt\modfirebasejwt.class.php : 461) [JWT] Signature verification failed
[2021-01-24 12:05:17] (ERROR @ C:\xampp\htdocs\Project.Modx\core\components\modjwt\model\modjwt\modfirebasejwt.class.php : 461) [JWT] Signature verification failed
[2021-01-24 12:12:16] (ERROR @ C:\xampp\htdocs\Project.Modx\core\components\modjwt\model\modjwt\modfirebasejwt.class.php : 461) [JWT] Signature verification failed
[2021-01-24 12:22:37] (ERROR in modMenu::getSubMenus @ C:\xampp\htdocs\Project.Modx\core\model\modx\modmenu.class.php : 148) modAction support is deprecated since version 2.3.0. Support for modAction has been replaced with routing based on a namespace and action name. Please update the extra with the namespace packman to the routing based system.
[2021-01-24 12:22:37] (ERROR in modMenu::getSubMenus @ C:\xampp\htdocs\Project.Modx\core\model\modx\modmenu.class.php : 148) modAction support is deprecated since version 2.3.0. Support for modAction has been replaced with routing based on a namespace and action name. Please update the extra with the namespace cmpgenerator to the routing based system.
[2021-01-24 12:22:43] (ERROR in modProcessor::run @ C:\xampp\htdocs\Project.Modx\core\model\modx\modprocessor.class.php : 177) Flat file processor support, used for action mgr/migxdb/getList with path C:/xampp/htdocs/Project.Modx/core/components/migx/processors/mgr/migxdb/getlist.php, is deprecated since version 2.7.0. 
[2021-01-24 12:53:30] (ERROR @ C:\xampp\htdocs\Project.Modx\core\components\modjwt\model\modjwt\modfirebasejwt.class.php : 461) [JWT] Token expired!
[2021-01-24 19:58:02] (ERROR @ C:\xampp\htdocs\Project.Modx\core\components\modjwt\model\modjwt\modfirebasejwt.class.php : 461) [JWT] Token expired!
[2021-01-24 19:58:17] (ERROR @ C:\xampp\htdocs\Project.Modx\core\components\modjwt\model\modjwt\modfirebasejwt.class.php : 461) [JWT] Token expired!
[2021-01-24 20:00:32] (ERROR @ C:\xampp\htdocs\Project.Modx\core\components\modjwt\model\modjwt\modfirebasejwt.class.php : 461) [JWT] Token expired!
[2021-01-24 20:00:45] (ERROR @ C:\xampp\htdocs\Project.Modx\core\components\modjwt\model\modjwt\modfirebasejwt.class.php : 461) [JWT] Token expired!
[2021-01-25 11:50:34] (ERROR in modProcessor::run @ C:\xampp\htdocs\Project.Modx\core\model\modx\modprocessor.class.php : 177) Flat file processor support, used for action mgr/migxdb/getList with path C:/xampp/htdocs/Project.Modx/core/components/migx/processors/mgr/migxdb/getlist.php, is deprecated since version 2.7.0. 
[2021-01-25 11:50:40] (ERROR in modProcessor::run @ C:\xampp\htdocs\Project.Modx\core\model\modx\modprocessor.class.php : 177) Flat file processor support, used for action mgr/migxdb/getList with path C:/xampp/htdocs/Project.Modx/core/components/migx/processors/mgr/migxdb/getlist.php, is deprecated since version 2.7.0. 
[2021-01-25 11:50:44] (ERROR in modProcessor::run @ C:\xampp\htdocs\Project.Modx\core\model\modx\modprocessor.class.php : 177) Flat file processor support, used for action mgr/migxdb/getList with path C:/xampp/htdocs/Project.Modx/core/components/migx/processors/mgr/migxdb/getlist.php, is deprecated since version 2.7.0. 
[2021-01-25 11:50:47] (ERROR in modProcessor::run @ C:\xampp\htdocs\Project.Modx\core\model\modx\modprocessor.class.php : 177) Flat file processor support, used for action mgr/migxdb/getList with path C:/xampp/htdocs/Project.Modx/core/components/migx/processors/mgr/migxdb/getlist.php, is deprecated since version 2.7.0. 
[2021-01-25 11:50:54] (ERROR in modProcessor::run @ C:\xampp\htdocs\Project.Modx\core\model\modx\modprocessor.class.php : 177) Flat file processor support, used for action mgr/migxdb/getList with path C:/xampp/htdocs/Project.Modx/core/components/migx/processors/mgr/migxdb/getlist.php, is deprecated since version 2.7.0. 
[2021-01-25 11:50:58] (ERROR in modProcessor::run @ C:\xampp\htdocs\Project.Modx\core\model\modx\modprocessor.class.php : 177) Flat file processor support, used for action mgr/migxdb/getList with path C:/xampp/htdocs/Project.Modx/core/components/migx/processors/mgr/migxdb/getlist.php, is deprecated since version 2.7.0. 
[2021-01-25 11:51:02] (ERROR in modProcessor::run @ C:\xampp\htdocs\Project.Modx\core\model\modx\modprocessor.class.php : 177) Flat file processor support, used for action mgr/migxdb/getList with path C:/xampp/htdocs/Project.Modx/core/components/migx/processors/mgr/migxdb/getlist.php, is deprecated since version 2.7.0. 
[2021-01-25 11:51:06] (ERROR in modProcessor::run @ C:\xampp\htdocs\Project.Modx\core\model\modx\modprocessor.class.php : 177) Flat file processor support, used for action mgr/migxdb/update with path C:/xampp/htdocs/Project.Modx/core/components/migx/processors/mgr/migxdb/update.php, is deprecated since version 2.7.0. 
[2021-01-25 11:51:07] (ERROR in modProcessor::run @ C:\xampp\htdocs\Project.Modx\core\model\modx\modprocessor.class.php : 177) Flat file processor support, used for action mgr/migxdb/getList with path C:/xampp/htdocs/Project.Modx/core/components/migx/processors/mgr/migxdb/getlist.php, is deprecated since version 2.7.0. 
[2021-01-25 11:51:40] (ERROR in modProcessor::run @ C:\xampp\htdocs\Project.Modx\core\model\modx\modprocessor.class.php : 177) Flat file processor support, used for action mgr/migxdb/getList with path C:/xampp/htdocs/Project.Modx/core/components/migx/processors/mgr/migxdb/getlist.php, is deprecated since version 2.7.0. 
[2021-01-25 11:51:43] (ERROR in modProcessor::run @ C:\xampp\htdocs\Project.Modx\core\model\modx\modprocessor.class.php : 177) Flat file processor support, used for action mgr/migxdb/update with path C:/xampp/htdocs/Project.Modx/core/components/migx/processors/mgr/migxdb/update.php, is deprecated since version 2.7.0. 
[2021-01-25 11:51:43] (ERROR in modProcessor::run @ C:\xampp\htdocs\Project.Modx\core\model\modx\modprocessor.class.php : 177) Flat file processor support, used for action mgr/migxdb/getList with path C:/xampp/htdocs/Project.Modx/core/components/migx/processors/mgr/migxdb/getlist.php, is deprecated since version 2.7.0. 
[2021-01-25 11:51:45] (ERROR in modProcessor::run @ C:\xampp\htdocs\Project.Modx\core\model\modx\modprocessor.class.php : 177) Flat file processor support, used for action mgr/migxdb/getList with path C:/xampp/htdocs/Project.Modx/core/components/migx/processors/mgr/migxdb/getlist.php, is deprecated since version 2.7.0. 
[2021-01-25 11:51:47] (ERROR in modProcessor::run @ C:\xampp\htdocs\Project.Modx\core\model\modx\modprocessor.class.php : 177) Flat file processor support, used for action mgr/migxdb/update with path C:/xampp/htdocs/Project.Modx/core/components/migx/processors/mgr/migxdb/update.php, is deprecated since version 2.7.0. 
[2021-01-25 11:51:47] (ERROR in modProcessor::run @ C:\xampp\htdocs\Project.Modx\core\model\modx\modprocessor.class.php : 177) Flat file processor support, used for action mgr/migxdb/getList with path C:/xampp/htdocs/Project.Modx/core/components/migx/processors/mgr/migxdb/getlist.php, is deprecated since version 2.7.0. 
[2021-01-25 23:09:09] (ERROR in modProcessor::run @ C:\xampp\htdocs\Project.Modx\core\model\modx\modprocessor.class.php : 177) Flat file processor support, used for action mgr/migxdb/getList with path C:/xampp/htdocs/Project.Modx/core/components/migx/processors/mgr/migxdb/getlist.php, is deprecated since version 2.7.0. 
[2021-01-25 23:09:11] (ERROR in modProcessor::run @ C:\xampp\htdocs\Project.Modx\core\model\modx\modprocessor.class.php : 177) Flat file processor support, used for action mgr/migxdb/getList with path C:/xampp/htdocs/Project.Modx/core/components/migx/processors/mgr/migxdb/getlist.php, is deprecated since version 2.7.0. 
[2021-01-25 23:09:17] (ERROR in modProcessor::run @ C:\xampp\htdocs\Project.Modx\core\model\modx\modprocessor.class.php : 177) Flat file processor support, used for action mgr/migxdb/getList with path C:/xampp/htdocs/Project.Modx/core/components/migx/processors/mgr/migxdb/getlist.php, is deprecated since version 2.7.0. 
[2021-01-25 23:09:23] (ERROR in modProcessor::run @ C:\xampp\htdocs\Project.Modx\core\model\modx\modprocessor.class.php : 177) Flat file processor support, used for action mgr/migxdb/getList with path C:/xampp/htdocs/Project.Modx/core/components/migx/processors/mgr/migxdb/getlist.php, is deprecated since version 2.7.0. 
[2021-01-25 23:11:12] (ERROR in modProcessor::run @ C:\xampp\htdocs\Project.Modx\core\model\modx\modprocessor.class.php : 177) Flat file processor support, used for action mgr/migxdb/getList with path C:/xampp/htdocs/Project.Modx/core/components/migx/processors/mgr/migxdb/getlist.php, is deprecated since version 2.7.0. 
[2021-01-25 23:11:56] (ERROR in modProcessor::run @ C:\xampp\htdocs\Project.Modx\core\model\modx\modprocessor.class.php : 177) Flat file processor support, used for action mgr/migxdb/getList with path C:/xampp/htdocs/Project.Modx/core/components/migx/processors/mgr/migxdb/getlist.php, is deprecated since version 2.7.0. 
[2021-01-25 23:49:36] (ERROR in modProcessor::run @ C:\xampp\htdocs\Project.Modx\core\model\modx\modprocessor.class.php : 177) Flat file processor support, used for action mgr/migxdb/getList with path C:/xampp/htdocs/Project.Modx/core/components/migx/processors/mgr/migxdb/getlist.php, is deprecated since version 2.7.0. 
[2021-01-25 23:49:45] (ERROR in modProcessor::run @ C:\xampp\htdocs\Project.Modx\core\model\modx\modprocessor.class.php : 177) Flat file processor support, used for action mgr/migxdb/update with path C:/xampp/htdocs/Project.Modx/core/components/migx/processors/mgr/migxdb/update.php, is deprecated since version 2.7.0. 
[2021-01-25 23:49:45] (ERROR @ C:\xampp\htdocs\Project.Modx\core\xpdo\xpdo.class.php : 1826) No foreign key definition for parentClass: SimUserAssignedPlan using relation alias: Resource
[2021-01-25 23:49:45] (ERROR in modProcessor::run @ C:\xampp\htdocs\Project.Modx\core\model\modx\modprocessor.class.php : 177) Flat file processor support, used for action mgr/migxdb/getList with path C:/xampp/htdocs/Project.Modx/core/components/migx/processors/mgr/migxdb/getlist.php, is deprecated since version 2.7.0. 
[2021-01-25 23:57:41] (ERROR in modProcessor::run @ C:\xampp\htdocs\Project.Modx\core\model\modx\modprocessor.class.php : 177) Flat file processor support, used for action mgr/migxdb/getList with path C:/xampp/htdocs/Project.Modx/core/components/migx/processors/mgr/migxdb/getlist.php, is deprecated since version 2.7.0. 
[2021-01-25 23:57:46] (ERROR in modProcessor::run @ C:\xampp\htdocs\Project.Modx\core\model\modx\modprocessor.class.php : 177) Flat file processor support, used for action mgr/migxdb/update with path C:/xampp/htdocs/Project.Modx/core/components/migx/processors/mgr/migxdb/update.php, is deprecated since version 2.7.0. 
[2021-01-25 23:57:46] (ERROR @ C:\xampp\htdocs\Project.Modx\core\xpdo\xpdo.class.php : 1826) No foreign key definition for parentClass: SimUserAssignedPlan using relation alias: Resource
[2021-01-25 23:57:46] (ERROR in modProcessor::run @ C:\xampp\htdocs\Project.Modx\core\model\modx\modprocessor.class.php : 177) Flat file processor support, used for action mgr/migxdb/getList with path C:/xampp/htdocs/Project.Modx/core/components/migx/processors/mgr/migxdb/getlist.php, is deprecated since version 2.7.0. 
[2021-01-26 00:17:03] (ERROR in modProcessor::run @ C:\xampp\htdocs\Project.Modx\core\model\modx\modprocessor.class.php : 177) Flat file processor support, used for action mgr/migxdb/update with path C:/xampp/htdocs/Project.Modx/core/components/migx/processors/mgr/migxdb/update.php, is deprecated since version 2.7.0. 
[2021-01-26 00:17:03] (ERROR @ C:\xampp\htdocs\Project.Modx\core\xpdo\xpdo.class.php : 1826) No foreign key definition for parentClass: SimUserAssignedPlan using relation alias: Resource
[2021-01-26 00:17:04] (ERROR in modProcessor::run @ C:\xampp\htdocs\Project.Modx\core\model\modx\modprocessor.class.php : 177) Flat file processor support, used for action mgr/migxdb/getList with path C:/xampp/htdocs/Project.Modx/core/components/migx/processors/mgr/migxdb/getlist.php, is deprecated since version 2.7.0. 
[2021-01-26 00:17:05] (ERROR in modProcessor::run @ C:\xampp\htdocs\Project.Modx\core\model\modx\modprocessor.class.php : 177) Flat file processor support, used for action mgr/migxdb/update with path C:/xampp/htdocs/Project.Modx/core/components/migx/processors/mgr/migxdb/update.php, is deprecated since version 2.7.0. 
[2021-01-26 00:17:05] (ERROR in modProcessor::run @ C:\xampp\htdocs\Project.Modx\core\model\modx\modprocessor.class.php : 177) Flat file processor support, used for action mgr/migxdb/getList with path C:/xampp/htdocs/Project.Modx/core/components/migx/processors/mgr/migxdb/getlist.php, is deprecated since version 2.7.0. 
[2021-01-26 00:31:33] (ERROR in modProcessor::run @ C:\xampp\htdocs\Project.Modx\core\model\modx\modprocessor.class.php : 177) Flat file processor support, used for action mgr/migxdb/getList with path C:/xampp/htdocs/Project.Modx/core/components/migx/processors/mgr/migxdb/getlist.php, is deprecated since version 2.7.0. 
[2021-01-26 00:31:38] (ERROR in modProcessor::run @ C:\xampp\htdocs\Project.Modx\core\model\modx\modprocessor.class.php : 177) Flat file processor support, used for action mgr/migxdb/update with path C:/xampp/htdocs/Project.Modx/core/components/migx/processors/mgr/migxdb/update.php, is deprecated since version 2.7.0. 
